<?xml version="1.0" encoding="UTF-8" ?>
<testsuites name="vitest tests" tests="29" failures="0" errors="0" time="6.617887989">
    <testsuite name="src/example.test.ts" timestamp="2025-08-27T05:21:44.629Z" hostname="ip-10-0-41-166" tests="3" failures="0" errors="0" skipped="0" time="0.001228718">
        <testcase classname="src/example.test.ts" name="Basic Test Suite &gt; should pass basic arithmetic" time="0.000117263">
        </testcase>
        <testcase classname="src/example.test.ts" name="Basic Test Suite &gt; should handle string operations" time="0.000076889">
        </testcase>
        <testcase classname="src/example.test.ts" name="Basic Test Suite &gt; should work with arrays" time="0.00095262">
        </testcase>
    </testsuite>
    <testsuite name="src/flaky.test.ts" timestamp="2025-08-27T05:21:44.631Z" hostname="ip-10-0-41-166" tests="20" failures="0" errors="0" skipped="0" time="0.005352364">
        <testcase classname="src/flaky.test.ts" name="Flaky Test Suite &gt; flaky test 1" time="0.001331602">
        </testcase>
        <testcase classname="src/flaky.test.ts" name="Flaky Test Suite &gt; flaky test 2" time="0.000277668">
        </testcase>
        <testcase classname="src/flaky.test.ts" name="Flaky Test Suite &gt; flaky test 3" time="0.000370023">
        </testcase>
        <testcase classname="src/flaky.test.ts" name="Flaky Test Suite &gt; flaky test 4" time="0.000235462">
        </testcase>
        <testcase classname="src/flaky.test.ts" name="Flaky Test Suite &gt; flaky test 5" time="0.000320766">
        </testcase>
        <testcase classname="src/flaky.test.ts" name="Flaky Test Suite &gt; flaky test 6" time="0.000155705">
        </testcase>
        <testcase classname="src/flaky.test.ts" name="Flaky Test Suite &gt; flaky test 7" time="0.000121251">
        </testcase>
        <testcase classname="src/flaky.test.ts" name="Flaky Test Suite &gt; flaky test 8" time="0.000113646">
        </testcase>
        <testcase classname="src/flaky.test.ts" name="Flaky Test Suite &gt; flaky test 9" time="0.000294544">
        </testcase>
        <testcase classname="src/flaky.test.ts" name="Flaky Test Suite &gt; flaky test 10" time="0.000146772">
        </testcase>
        <testcase classname="src/flaky.test.ts" name="Flaky Test Suite &gt; flaky test 11" time="0.000111752">
        </testcase>
        <testcase classname="src/flaky.test.ts" name="Flaky Test Suite &gt; flaky test 12" time="0.000107636">
        </testcase>
        <testcase classname="src/flaky.test.ts" name="Flaky Test Suite &gt; flaky test 13" time="0.00014472">
        </testcase>
        <testcase classname="src/flaky.test.ts" name="Flaky Test Suite &gt; flaky test 14" time="0.000108359">
        </testcase>
        <testcase classname="src/flaky.test.ts" name="Flaky Test Suite &gt; flaky test 15" time="0.000313288">
        </testcase>
        <testcase classname="src/flaky.test.ts" name="Flaky Test Suite &gt; flaky test 16" time="0.00013408">
        </testcase>
        <testcase classname="src/flaky.test.ts" name="Flaky Test Suite &gt; flaky test 17" time="0.000182063">
        </testcase>
        <testcase classname="src/flaky.test.ts" name="Flaky Test Suite &gt; flaky test 18" time="0.000110509">
        </testcase>
        <testcase classname="src/flaky.test.ts" name="Flaky Test Suite &gt; flaky test 19" time="0.000192089">
        </testcase>
        <testcase classname="src/flaky.test.ts" name="Flaky Test Suite &gt; flaky test 20" time="0.000105679">
        </testcase>
    </testsuite>
    <testsuite name="src/medium.test.ts" timestamp="2025-08-27T05:21:44.634Z" hostname="ip-10-0-41-166" tests="3" failures="0" errors="0" skipped="0" time="2.103490613">
        <testcase classname="src/medium.test.ts" name="Medium Speed Test Suite &gt; should be medium test 1" time="0.800313501">
        </testcase>
        <testcase classname="src/medium.test.ts" name="Medium Speed Test Suite &gt; should be medium test 2" time="0.601297573">
        </testcase>
        <testcase classname="src/medium.test.ts" name="Medium Speed Test Suite &gt; should be medium test 3" time="0.701183287">
        </testcase>
    </testsuite>
    <testsuite name="src/slow.test.ts" timestamp="2025-08-27T05:21:44.635Z" hostname="ip-10-0-41-166" tests="3" failures="0" errors="0" skipped="0" time="4.507816294">
        <testcase classname="src/slow.test.ts" name="Slow Test Suite &gt; should be slow test 1" time="2.002594588">
        </testcase>
        <testcase classname="src/slow.test.ts" name="Slow Test Suite &gt; should be slow test 2" time="1.502206193">
        </testcase>
        <testcase classname="src/slow.test.ts" name="Slow Test Suite &gt; should be slow test 3" time="1.001585858">
        </testcase>
    </testsuite>
</testsuites>
