<?xml version="1.0" encoding="UTF-8" ?>
<testsuites name="vitest tests" tests="29" failures="12" errors="0" time="6.634896548">
    <testsuite name="src/example.test.ts" timestamp="2025-08-24T05:18:01.119Z" hostname="ip-10-0-162-101" tests="3" failures="0" errors="0" skipped="0" time="0.003291987">
        <testcase classname="src/example.test.ts" name="Basic Test Suite &gt; should pass basic arithmetic" time="0.001003537">
        </testcase>
        <testcase classname="src/example.test.ts" name="Basic Test Suite &gt; should handle string operations" time="0.000274693">
        </testcase>
        <testcase classname="src/example.test.ts" name="Basic Test Suite &gt; should work with arrays" time="0.001070751">
        </testcase>
    </testsuite>
    <testsuite name="src/flaky.test.ts" timestamp="2025-08-24T05:18:01.120Z" hostname="ip-10-0-162-101" tests="20" failures="12" errors="0" skipped="0" time="0.014911175">
        <testcase classname="src/flaky.test.ts" name="Flaky Test Suite &gt; flaky test 1" time="0.006691865">
            <failure message="expected false to be true // Object.is equality" type="AssertionError">
AssertionError: expected false to be true // Object.is equality

- Expected
+ Received

- true
+ false

 ❯ src/flaky.test.ts:5:33
            </failure>
        </testcase>
        <testcase classname="src/flaky.test.ts" name="Flaky Test Suite &gt; flaky test 2" time="0.000746036">
            <failure message="expected false to be true // Object.is equality" type="AssertionError">
AssertionError: expected false to be true // Object.is equality

- Expected
+ Received

- true
+ false

 ❯ src/flaky.test.ts:9:33
            </failure>
        </testcase>
        <testcase classname="src/flaky.test.ts" name="Flaky Test Suite &gt; flaky test 3" time="0.000215422">
        </testcase>
        <testcase classname="src/flaky.test.ts" name="Flaky Test Suite &gt; flaky test 4" time="0.000164467">
        </testcase>
        <testcase classname="src/flaky.test.ts" name="Flaky Test Suite &gt; flaky test 5" time="0.000569646">
            <failure message="expected false to be true // Object.is equality" type="AssertionError">
AssertionError: expected false to be true // Object.is equality

- Expected
+ Received

- true
+ false

 ❯ src/flaky.test.ts:21:58
            </failure>
        </testcase>
        <testcase classname="src/flaky.test.ts" name="Flaky Test Suite &gt; flaky test 6" time="0.00049269">
            <failure message="expected false to be true // Object.is equality" type="AssertionError">
AssertionError: expected false to be true // Object.is equality

- Expected
+ Received

- true
+ false

 ❯ src/flaky.test.ts:25:33
            </failure>
        </testcase>
        <testcase classname="src/flaky.test.ts" name="Flaky Test Suite &gt; flaky test 7" time="0.000153687">
        </testcase>
        <testcase classname="src/flaky.test.ts" name="Flaky Test Suite &gt; flaky test 8" time="0.000095156">
        </testcase>
        <testcase classname="src/flaky.test.ts" name="Flaky Test Suite &gt; flaky test 9" time="0.00081694">
            <failure message="expected false to be true // Object.is equality" type="AssertionError">
AssertionError: expected false to be true // Object.is equality

- Expected
+ Received

- true
+ false

 ❯ src/flaky.test.ts:37:65
            </failure>
        </testcase>
        <testcase classname="src/flaky.test.ts" name="Flaky Test Suite &gt; flaky test 10" time="0.000149894">
        </testcase>
        <testcase classname="src/flaky.test.ts" name="Flaky Test Suite &gt; flaky test 11" time="0.000487276">
            <failure message="expected false to be true // Object.is equality" type="AssertionError">
AssertionError: expected false to be true // Object.is equality

- Expected
+ Received

- true
+ false

 ❯ src/flaky.test.ts:45:49
            </failure>
        </testcase>
        <testcase classname="src/flaky.test.ts" name="Flaky Test Suite &gt; flaky test 12" time="0.000108365">
        </testcase>
        <testcase classname="src/flaky.test.ts" name="Flaky Test Suite &gt; flaky test 13" time="0.00040256">
            <failure message="expected false to be true // Object.is equality" type="AssertionError">
AssertionError: expected false to be true // Object.is equality

- Expected
+ Received

- true
+ false

 ❯ src/flaky.test.ts:53:49
            </failure>
        </testcase>
        <testcase classname="src/flaky.test.ts" name="Flaky Test Suite &gt; flaky test 14" time="0.000098874">
        </testcase>
        <testcase classname="src/flaky.test.ts" name="Flaky Test Suite &gt; flaky test 15" time="0.00052772">
            <failure message="expected false to be true // Object.is equality" type="AssertionError">
AssertionError: expected false to be true // Object.is equality

- Expected
+ Received

- true
+ false

 ❯ src/flaky.test.ts:61:52
            </failure>
        </testcase>
        <testcase classname="src/flaky.test.ts" name="Flaky Test Suite &gt; flaky test 16" time="0.000115618">
        </testcase>
        <testcase classname="src/flaky.test.ts" name="Flaky Test Suite &gt; flaky test 17" time="0.000698517">
            <failure message="expected false to be true // Object.is equality" type="AssertionError">
AssertionError: expected false to be true // Object.is equality

- Expected
+ Received

- true
+ false

 ❯ src/flaky.test.ts:69:49
            </failure>
        </testcase>
        <testcase classname="src/flaky.test.ts" name="Flaky Test Suite &gt; flaky test 18" time="0.000488504">
            <failure message="expected false to be true // Object.is equality" type="AssertionError">
AssertionError: expected false to be true // Object.is equality

- Expected
+ Received

- true
+ false

 ❯ src/flaky.test.ts:73:50
            </failure>
        </testcase>
        <testcase classname="src/flaky.test.ts" name="Flaky Test Suite &gt; flaky test 19" time="0.000343855">
            <failure message="expected false to be true // Object.is equality" type="AssertionError">
AssertionError: expected false to be true // Object.is equality

- Expected
+ Received

- true
+ false

 ❯ src/flaky.test.ts:77:74
            </failure>
        </testcase>
        <testcase classname="src/flaky.test.ts" name="Flaky Test Suite &gt; flaky test 20" time="0.000362464">
            <failure message="expected false to be true // Object.is equality" type="AssertionError">
AssertionError: expected false to be true // Object.is equality

- Expected
+ Received

- true
+ false

 ❯ src/flaky.test.ts:81:35
            </failure>
        </testcase>
    </testsuite>
    <testsuite name="src/medium.test.ts" timestamp="2025-08-24T05:18:01.128Z" hostname="ip-10-0-162-101" tests="3" failures="0" errors="0" skipped="0" time="2.107051698">
        <testcase classname="src/medium.test.ts" name="Medium Speed Test Suite &gt; should be medium test 1" time="0.802498602">
        </testcase>
        <testcase classname="src/medium.test.ts" name="Medium Speed Test Suite &gt; should be medium test 2" time="0.601228416">
        </testcase>
        <testcase classname="src/medium.test.ts" name="Medium Speed Test Suite &gt; should be medium test 3" time="0.701271518">
        </testcase>
    </testsuite>
    <testsuite name="src/slow.test.ts" timestamp="2025-08-24T05:18:01.128Z" hostname="ip-10-0-162-101" tests="3" failures="0" errors="0" skipped="0" time="4.509641688">
        <testcase classname="src/slow.test.ts" name="Slow Test Suite &gt; should be slow test 1" time="2.003648176">
        </testcase>
        <testcase classname="src/slow.test.ts" name="Slow Test Suite &gt; should be slow test 2" time="1.50222078">
        </testcase>
        <testcase classname="src/slow.test.ts" name="Slow Test Suite &gt; should be slow test 3" time="1.001682828">
        </testcase>
    </testsuite>
</testsuites>
