<?xml version="1.0" encoding="UTF-8" ?>
<testsuites name="vitest tests" tests="1" failures="1" errors="0" time="0.007131822">
    <testsuite name="src/flaky.test.ts" timestamp="2025-08-28T05:22:01.428Z" hostname="ip-10-0-72-244" tests="1" failures="1" errors="0" skipped="0" time="0.007131822">
        <testcase classname="src/flaky.test.ts" name="Flaky Test Suite &gt; flaky test 8" time="0.006311518">
            <failure message="expected false to be true // Object.is equality" type="AssertionError">
AssertionError: expected false to be true // Object.is equality

- Expected
+ Received

- true
+ false

 ❯ src/flaky.test.ts:7:24
            </failure>
        </testcase>
    </testsuite>
</testsuites>
