<?xml version="1.0" encoding="UTF-8" ?>
<testsuites name="vitest tests" tests="20" failures="1" errors="0" time="0.007412382">
    <testsuite name="src/flaky.test.ts" timestamp="2025-08-24T05:16:15.327Z" hostname="ip-10-0-162-101" tests="20" failures="1" errors="0" skipped="19" time="0.007412382">
        <testcase classname="src/flaky.test.ts" name="Flaky Test Suite &gt; flaky test 1" time="0">
            <skipped/>
        </testcase>
        <testcase classname="src/flaky.test.ts" name="Flaky Test Suite &gt; flaky test 2" time="0">
            <skipped/>
        </testcase>
        <testcase classname="src/flaky.test.ts" name="Flaky Test Suite &gt; flaky test 3" time="0">
            <skipped/>
        </testcase>
        <testcase classname="src/flaky.test.ts" name="Flaky Test Suite &gt; flaky test 4" time="0">
            <skipped/>
        </testcase>
        <testcase classname="src/flaky.test.ts" name="Flaky Test Suite &gt; flaky test 5" time="0">
            <skipped/>
        </testcase>
        <testcase classname="src/flaky.test.ts" name="Flaky Test Suite &gt; flaky test 6" time="0">
            <skipped/>
        </testcase>
        <testcase classname="src/flaky.test.ts" name="Flaky Test Suite &gt; flaky test 7" time="0">
            <skipped/>
        </testcase>
        <testcase classname="src/flaky.test.ts" name="Flaky Test Suite &gt; flaky test 8" time="0">
            <skipped/>
        </testcase>
        <testcase classname="src/flaky.test.ts" name="Flaky Test Suite &gt; flaky test 9" time="0">
            <skipped/>
        </testcase>
        <testcase classname="src/flaky.test.ts" name="Flaky Test Suite &gt; flaky test 10" time="0">
            <skipped/>
        </testcase>
        <testcase classname="src/flaky.test.ts" name="Flaky Test Suite &gt; flaky test 11" time="0">
            <skipped/>
        </testcase>
        <testcase classname="src/flaky.test.ts" name="Flaky Test Suite &gt; flaky test 12" time="0">
            <skipped/>
        </testcase>
        <testcase classname="src/flaky.test.ts" name="Flaky Test Suite &gt; flaky test 13" time="0">
            <skipped/>
        </testcase>
        <testcase classname="src/flaky.test.ts" name="Flaky Test Suite &gt; flaky test 14" time="0.006465691">
            <failure message="expected false to be true // Object.is equality" type="AssertionError">
AssertionError: expected false to be true // Object.is equality

- Expected
+ Received

- true
+ false

 ❯ src/flaky.test.ts:57:42
            </failure>
        </testcase>
        <testcase classname="src/flaky.test.ts" name="Flaky Test Suite &gt; flaky test 15" time="0">
            <skipped/>
        </testcase>
        <testcase classname="src/flaky.test.ts" name="Flaky Test Suite &gt; flaky test 16" time="0">
            <skipped/>
        </testcase>
        <testcase classname="src/flaky.test.ts" name="Flaky Test Suite &gt; flaky test 17" time="0">
            <skipped/>
        </testcase>
        <testcase classname="src/flaky.test.ts" name="Flaky Test Suite &gt; flaky test 18" time="0">
            <skipped/>
        </testcase>
        <testcase classname="src/flaky.test.ts" name="Flaky Test Suite &gt; flaky test 19" time="0">
            <skipped/>
        </testcase>
        <testcase classname="src/flaky.test.ts" name="Flaky Test Suite &gt; flaky test 20" time="0">
            <skipped/>
        </testcase>
    </testsuite>
</testsuites>
