<?xml version="1.0" encoding="UTF-8" ?>
<testsuites name="vitest tests" tests="29" failures="11" errors="0" time="6.634458937">
    <testsuite name="src/example.test.ts" timestamp="2025-08-25T05:14:51.409Z" hostname="ip-10-0-85-117" tests="3" failures="0" errors="0" skipped="0" time="0.003179546">
        <testcase classname="src/example.test.ts" name="Basic Test Suite &gt; should pass basic arithmetic" time="0.000976325">
        </testcase>
        <testcase classname="src/example.test.ts" name="Basic Test Suite &gt; should handle string operations" time="0.000263776">
        </testcase>
        <testcase classname="src/example.test.ts" name="Basic Test Suite &gt; should work with arrays" time="0.001025736">
        </testcase>
    </testsuite>
    <testsuite name="src/flaky.test.ts" timestamp="2025-08-25T05:14:51.411Z" hostname="ip-10-0-85-117" tests="20" failures="11" errors="0" skipped="1" time="0.016739205">
        <testcase classname="src/flaky.test.ts" name="Flaky Test Suite &gt; flaky test 1" time="0.008574271">
            <failure message="expected false to be true // Object.is equality" type="AssertionError">
AssertionError: expected false to be true // Object.is equality

- Expected
+ Received

- true
+ false

 ❯ src/flaky.test.ts:5:33
            </failure>
        </testcase>
        <testcase classname="src/flaky.test.ts" name="Flaky Test Suite &gt; flaky test 2" time="0.000739498">
            <failure message="expected false to be true // Object.is equality" type="AssertionError">
AssertionError: expected false to be true // Object.is equality

- Expected
+ Received

- true
+ false

 ❯ src/flaky.test.ts:9:33
            </failure>
        </testcase>
        <testcase classname="src/flaky.test.ts" name="Flaky Test Suite &gt; flaky test 3" time="0.000226491">
        </testcase>
        <testcase classname="src/flaky.test.ts" name="Flaky Test Suite &gt; flaky test 4" time="0.00067453">
            <failure message="expected 2 to be 1 // Object.is equality" type="AssertionError">
AssertionError: expected 2 to be 1 // Object.is equality

- Expected
+ Received

- 1
+ 2

 ❯ src/flaky.test.ts:17:43
            </failure>
        </testcase>
        <testcase classname="src/flaky.test.ts" name="Flaky Test Suite &gt; flaky test 5" time="0.000536731">
            <failure message="expected false to be true // Object.is equality" type="AssertionError">
AssertionError: expected false to be true // Object.is equality

- Expected
+ Received

- true
+ false

 ❯ src/flaky.test.ts:21:58
            </failure>
        </testcase>
        <testcase classname="src/flaky.test.ts" name="Flaky Test Suite &gt; flaky test 6" time="0.00073036">
            <failure message="expected false to be true // Object.is equality" type="AssertionError">
AssertionError: expected false to be true // Object.is equality

- Expected
+ Received

- true
+ false

 ❯ src/flaky.test.ts:25:33
            </failure>
        </testcase>
        <testcase classname="src/flaky.test.ts" name="Flaky Test Suite &gt; flaky test 7" time="0.000186531">
        </testcase>
        <testcase classname="src/flaky.test.ts" name="Flaky Test Suite &gt; flaky test 8" time="0.000106769">
        </testcase>
        <testcase classname="src/flaky.test.ts" name="Flaky Test Suite &gt; flaky test 9" time="0.000279214">
        </testcase>
        <testcase classname="src/flaky.test.ts" name="Flaky Test Suite &gt; flaky test 10" time="0.000444094">
            <failure message="expected false to be true // Object.is equality" type="AssertionError">
AssertionError: expected false to be true // Object.is equality

- Expected
+ Received

- true
+ false

 ❯ src/flaky.test.ts:41:50
            </failure>
        </testcase>
        <testcase classname="src/flaky.test.ts" name="Flaky Test Suite &gt; flaky test 11" time="0.000416463">
            <failure message="expected false to be true // Object.is equality" type="AssertionError">
AssertionError: expected false to be true // Object.is equality

- Expected
+ Received

- true
+ false

 ❯ src/flaky.test.ts:45:49
            </failure>
        </testcase>
        <testcase classname="src/flaky.test.ts" name="Flaky Test Suite &gt; flaky test 12" time="0.000111753">
        </testcase>
        <testcase classname="src/flaky.test.ts" name="Flaky Test Suite &gt; flaky test 13" time="0.000078891">
        </testcase>
        <testcase classname="src/flaky.test.ts" name="Flaky Test Suite &gt; flaky test 14" time="0.000440232">
            <failure message="expected false to be true // Object.is equality" type="AssertionError">
AssertionError: expected false to be true // Object.is equality

- Expected
+ Received

- true
+ false

 ❯ src/flaky.test.ts:57:42
            </failure>
        </testcase>
        <testcase classname="src/flaky.test.ts" name="Flaky Test Suite &gt; flaky test 15" time="0.000191032">
        </testcase>
        <testcase classname="src/flaky.test.ts" name="Flaky Test Suite &gt; flaky test 16" time="0">
            <skipped/>
        </testcase>
        <testcase classname="src/flaky.test.ts" name="Flaky Test Suite &gt; flaky test 17" time="0.000616115">
            <failure message="expected false to be true // Object.is equality" type="AssertionError">
AssertionError: expected false to be true // Object.is equality

- Expected
+ Received

- true
+ false

 ❯ src/flaky.test.ts:69:49
            </failure>
        </testcase>
        <testcase classname="src/flaky.test.ts" name="Flaky Test Suite &gt; flaky test 18" time="0.000106186">
        </testcase>
        <testcase classname="src/flaky.test.ts" name="Flaky Test Suite &gt; flaky test 19" time="0.000524609">
            <failure message="expected false to be true // Object.is equality" type="AssertionError">
AssertionError: expected false to be true // Object.is equality

- Expected
+ Received

- true
+ false

 ❯ src/flaky.test.ts:77:74
            </failure>
        </testcase>
        <testcase classname="src/flaky.test.ts" name="Flaky Test Suite &gt; flaky test 20" time="0.000356133">
            <failure message="expected false to be true // Object.is equality" type="AssertionError">
AssertionError: expected false to be true // Object.is equality

- Expected
+ Received

- true
+ false

 ❯ src/flaky.test.ts:81:35
            </failure>
        </testcase>
    </testsuite>
    <testsuite name="src/medium.test.ts" timestamp="2025-08-25T05:14:51.420Z" hostname="ip-10-0-85-117" tests="3" failures="0" errors="0" skipped="0" time="2.107157421">
        <testcase classname="src/medium.test.ts" name="Medium Speed Test Suite &gt; should be medium test 1" time="0.80267845">
        </testcase>
        <testcase classname="src/medium.test.ts" name="Medium Speed Test Suite &gt; should be medium test 2" time="0.601238615">
        </testcase>
        <testcase classname="src/medium.test.ts" name="Medium Speed Test Suite &gt; should be medium test 3" time="0.701260539">
        </testcase>
    </testsuite>
    <testsuite name="src/slow.test.ts" timestamp="2025-08-25T05:14:51.421Z" hostname="ip-10-0-85-117" tests="3" failures="0" errors="0" skipped="0" time="4.507382765">
        <testcase classname="src/slow.test.ts" name="Slow Test Suite &gt; should be slow test 1" time="2.002636111">
        </testcase>
        <testcase classname="src/slow.test.ts" name="Slow Test Suite &gt; should be slow test 2" time="1.502153989">
        </testcase>
        <testcase classname="src/slow.test.ts" name="Slow Test Suite &gt; should be slow test 3" time="1.000698514">
        </testcase>
    </testsuite>
</testsuites>
